Timestamp	LOG_LEVEL	LOG_ID	Message
1517159363	0		4	Main task Initialised
1517159363	0		2	Logger Initialised
1517159363	2		0	TEMP IN CELSIUS IS	28.500000
1517159363	2		1	STARTUP: LIGHT SENSOR RESPONDE	0.000000
1517159364	0		3	Sock Task Initialised
1517159365	2		0	TEMP IN CELSIUS IS	28.500000
1517159366	3		4	No heartbeat for SOCK
1517159367	2		0	TEMP IN CELSIUS IS	28.500000
1517159369	2		0	TEMP IN CELSIUS IS	28.437500
1517159371	2		0	TEMP IN CELSIUS IS	28.500000
1517159373	2		0	TEMP IN CELSIUS IS	28.500000
1517159375	2		0	TEMP IN CELSIUS IS	28.375000
1517159377	2		0	TEMP IN CELSIUS IS	28.437500
1517159379	2		0	TEMP IN CELSIUS IS	28.375000
1517159381	2		0	TEMP IN CELSIUS IS	28.437500
1517159383	2		0	TEMP IN CELSIUS IS	28.375000
1517159385	2		0	TEMP IN CELSIUS IS	28.375000
1517159387	2		0	TEMP IN CELSIUS IS	28.312500
1517159389	2		0	TEMP IN CELSIUS IS	28.312500
1517159391	2		0	TEMP IN CELSIUS IS	28.375000
1517159393	3		4	No heartbeat from TEMP
1517159393	2		0	TEMP IN CELSIUS IS	28.312500
1517159395	2		0	TEMP IN CELSIUS IS	28.312500
1517159397	2		0	TEMP IN CELSIUS IS	28.312500
1517159399	2		0	TEMP IN CELSIUS IS	28.312500
1517159401	2		0	TEMP IN CELSIUS IS	28.312500
1517159403	2		0	TEMP IN CELSIUS IS	28.250000
1517159405	2		0	TEMP IN CELSIUS IS	28.250000
1517159407	2		0	TEMP IN CELSIUS IS	28.250000
1517159409	2		0	TEMP IN CELSIUS IS	28.250000
1517159411	2		0	TEMP IN CELSIUS IS	28.187500
1517159413	2		0	TEMP IN CELSIUS IS	28.187500
1517159415	2		0	TEMP IN CELSIUS IS	28.187500
